<?xml version="1.0" encoding="UTF-8"?>
<testng-results ignored="0" total="2" passed="2" failed="0" skipped="0">
  <reporter-output>
  </reporter-output>
  <suite started-at="2023-01-21T03:58:35 MSK" name="Default suite" finished-at="2023-01-21T03:58:59 MSK" duration-ms="24275">
    <groups>
    </groups>
    <test started-at="2023-01-21T03:58:35 MSK" name="Default test" finished-at="2023-01-21T03:58:59 MSK" duration-ms="24275">
      <class name="test.OnlinerTester">
        <test-method is-config="true" signature="browserStart()[pri:0, instance:test.OnlinerTester@12aba8be]" started-at="2023-01-21T03:58:35 MSK" name="browserStart" finished-at="2023-01-21T03:58:40 MSK" duration-ms="4957" status="PASS">
          <reporter-output>
          </reporter-output>
        </test-method> <!-- browserStart -->
        <test-method signature="CheckFunctoinBuyNow()[pri:0, instance:test.OnlinerTester@12aba8be]" started-at="2023-01-21T03:58:40 MSK" name="CheckFunctoinBuyNow" finished-at="2023-01-21T03:58:52 MSK" duration-ms="11546" status="PASS">
          <reporter-output>
          </reporter-output>
        </test-method> <!-- CheckFunctoinBuyNow -->
        <test-method is-config="true" signature="browserTeasrDown()[pri:0, instance:test.OnlinerTester@12aba8be]" started-at="2023-01-21T03:58:52 MSK" name="browserTeasrDown" finished-at="2023-01-21T03:58:52 MSK" duration-ms="426" status="PASS">
          <reporter-output>
          </reporter-output>
        </test-method> <!-- browserTeasrDown -->
        <test-method is-config="true" signature="browserStart()[pri:0, instance:test.OnlinerTester@12aba8be]" started-at="2023-01-21T03:58:52 MSK" name="browserStart" finished-at="2023-01-21T03:58:55 MSK" duration-ms="3085" status="PASS">
          <reporter-output>
          </reporter-output>
        </test-method> <!-- browserStart -->
        <test-method signature="RemoveOneComparingPhone()[pri:0, instance:test.OnlinerTester@12aba8be]" started-at="2023-01-21T03:58:55 MSK" name="RemoveOneComparingPhone" finished-at="2023-01-21T03:58:59 MSK" duration-ms="3910" status="PASS">
          <reporter-output>
          </reporter-output>
        </test-method> <!-- RemoveOneComparingPhone -->
        <test-method is-config="true" signature="browserTeasrDown()[pri:0, instance:test.OnlinerTester@12aba8be]" started-at="2023-01-21T03:58:59 MSK" name="browserTeasrDown" finished-at="2023-01-21T03:58:59 MSK" duration-ms="275" status="PASS">
          <reporter-output>
          </reporter-output>
        </test-method> <!-- browserTeasrDown -->
      </class> <!-- test.OnlinerTester -->
    </test> <!-- Default test -->
  </suite> <!-- Default suite -->
</testng-results>
